2025-08-26 17:08:04.685 | INFO     | utils.utils_logger:<module>:38 - Logging to file: logs\project_log.log
2025-08-26 17:08:04.687 | INFO     | __main__:main:106 - START producer...
2025-08-26 17:08:04.688 | INFO     | __main__:main:107 - Hit CTRL c (or CMD c) to close.
2025-08-26 17:08:04.688 | INFO     | __main__:get_message_interval:53 - Messages will be sent every 3 seconds.
2025-08-26 17:08:04.688 | INFO     | __main__:main:114 - I just found a trick! It was boring.
2025-08-26 17:08:07.689 | INFO     | __main__:main:114 - I just shared a movie! It was funny.
2025-08-26 17:08:10.690 | INFO     | __main__:main:114 - I just found a story! It was funny.
2025-08-26 17:08:13.810 | INFO     | __main__:main:114 - I just shared a movie! It was funny.
2025-08-26 17:08:16.811 | INFO     | __main__:main:114 - I just shared an app! It was weird.
2025-08-26 17:08:19.811 | INFO     | __main__:main:114 - I just shared a meme! It was weird.
2025-08-26 17:08:22.812 | INFO     | __main__:main:114 - I just found a trick! It was boring.
2025-08-26 17:08:25.813 | INFO     | __main__:main:114 - I just found a meme! It was funny.
2025-08-26 17:08:28.813 | INFO     | __main__:main:114 - I just found a trick! It was amazing.
2025-08-26 17:08:31.814 | INFO     | __main__:main:114 - I just saw an app! It was funny.
2025-08-26 17:08:34.814 | INFO     | __main__:main:114 - I just loved an app! It was exciting.
2025-08-26 17:08:37.815 | INFO     | __main__:main:114 - I just saw a story! It was funny.
2025-08-26 17:08:40.816 | INFO     | __main__:main:114 - I just tried a movie! It was amazing.
2025-08-26 17:08:43.816 | INFO     | __main__:main:114 - I just tried an app! It was funny.
2025-08-26 17:08:46.817 | INFO     | __main__:main:114 - I just saw a story! It was funny.
2025-08-26 17:08:49.818 | INFO     | __main__:main:114 - I just shared a story! It was weird.
2025-08-26 17:08:52.818 | INFO     | __main__:main:114 - I just tried a movie! It was weird.
2025-08-26 17:08:55.819 | INFO     | __main__:main:114 - I just found a meme! It was boring.
2025-08-26 17:08:58.820 | INFO     | __main__:main:114 - I just saw a meme! It was amazing.
2025-08-26 17:09:01.821 | INFO     | __main__:main:114 - I just shared a meme! It was boring.
2025-08-26 17:09:04.821 | INFO     | __main__:main:114 - I just loved a movie! It was funny.
2025-08-26 17:09:07.822 | INFO     | __main__:main:114 - I just shared an app! It was funny.
2025-08-26 17:09:10.822 | INFO     | __main__:main:114 - I just loved a story! It was weird.
2025-08-26 17:09:13.823 | INFO     | __main__:main:114 - I just found a trick! It was exciting.
2025-08-26 17:09:16.824 | INFO     | __main__:main:114 - I just shared a story! It was funny.
2025-08-26 17:09:19.826 | INFO     | __main__:main:114 - I just loved a story! It was weird.
2025-08-26 17:09:22.827 | INFO     | __main__:main:114 - I just tried a movie! It was weird.
2025-08-26 17:09:25.828 | INFO     | __main__:main:114 - I just saw a story! It was funny.
2025-08-26 17:09:28.828 | INFO     | __main__:main:114 - I just found a trick! It was weird.
2025-08-26 17:09:31.829 | INFO     | __main__:main:114 - I just tried a trick! It was amazing.
2025-08-26 17:09:34.830 | INFO     | __main__:main:114 - I just shared an app! It was exciting.
2025-08-26 17:09:37.831 | INFO     | __main__:main:114 - I just tried a trick! It was amazing.
2025-08-26 17:09:40.831 | INFO     | __main__:main:114 - I just saw a meme! It was exciting.
2025-08-26 17:09:43.832 | INFO     | __main__:main:114 - I just tried a story! It was weird.
2025-08-26 17:09:46.832 | INFO     | __main__:main:114 - I just saw a story! It was funny.
2025-08-26 17:09:49.833 | INFO     | __main__:main:114 - I just saw a meme! It was amazing.
2025-08-26 17:09:52.833 | INFO     | __main__:main:114 - I just shared a movie! It was weird.
2025-08-26 17:09:55.834 | INFO     | __main__:main:114 - I just loved a meme! It was exciting.
2025-08-26 17:09:58.835 | INFO     | __main__:main:114 - I just loved an app! It was funny.
2025-08-26 17:10:01.835 | INFO     | __main__:main:114 - I just tried a meme! It was exciting.
2025-08-26 17:10:04.857 | INFO     | __main__:main:114 - I just loved a meme! It was funny.
2025-08-26 17:10:07.858 | INFO     | __main__:main:114 - I just shared a trick! It was exciting.
2025-08-26 17:10:10.858 | INFO     | __main__:main:114 - I just found a trick! It was exciting.
2025-08-26 17:10:13.859 | INFO     | __main__:main:114 - I just loved a meme! It was boring.
2025-08-26 17:10:16.860 | INFO     | __main__:main:114 - I just loved a story! It was amazing.
2025-08-26 17:10:19.861 | INFO     | __main__:main:114 - I just loved a story! It was funny.
2025-08-26 17:10:22.862 | INFO     | __main__:main:114 - I just loved a meme! It was funny.
2025-08-26 17:10:25.863 | INFO     | __main__:main:114 - I just shared an app! It was weird.
2025-08-26 17:10:28.863 | INFO     | __main__:main:114 - I just tried a trick! It was weird.
2025-08-26 17:10:31.864 | INFO     | __main__:main:114 - I just found an app! It was amazing.
2025-08-26 17:10:34.865 | INFO     | __main__:main:114 - I just saw a meme! It was boring.
2025-08-26 17:10:37.865 | INFO     | __main__:main:114 - I just tried an app! It was funny.
2025-08-26 17:10:40.866 | INFO     | __main__:main:114 - I just found a story! It was weird.
2025-08-26 17:10:43.867 | INFO     | __main__:main:114 - I just found a movie! It was amazing.
2025-08-26 17:10:46.868 | INFO     | __main__:main:114 - I just found an app! It was boring.
2025-08-26 17:10:49.869 | INFO     | __main__:main:114 - I just loved a trick! It was boring.
2025-08-26 17:10:52.869 | INFO     | __main__:main:114 - I just saw a trick! It was amazing.
2025-08-26 17:10:55.870 | INFO     | __main__:main:114 - I just found a meme! It was amazing.
2025-08-26 17:10:58.870 | INFO     | __main__:main:114 - I just found a meme! It was exciting.
2025-08-26 17:11:01.871 | INFO     | __main__:main:114 - I just found a trick! It was boring.
2025-08-26 17:11:04.872 | INFO     | __main__:main:114 - I just saw a trick! It was boring.
2025-08-26 17:11:07.873 | INFO     | __main__:main:114 - I just shared a meme! It was amazing.
2025-08-26 17:11:10.874 | INFO     | __main__:main:114 - I just loved an app! It was weird.
2025-08-26 17:11:13.874 | INFO     | __main__:main:114 - I just shared an app! It was exciting.
2025-08-26 17:11:16.875 | INFO     | __main__:main:114 - I just tried a trick! It was amazing.
2025-08-26 17:11:19.875 | INFO     | __main__:main:114 - I just shared an app! It was amazing.
2025-08-26 17:11:22.876 | INFO     | __main__:main:114 - I just loved a story! It was amazing.
2025-08-26 17:11:25.876 | INFO     | __main__:main:114 - I just loved a trick! It was boring.
2025-08-26 17:11:28.877 | INFO     | __main__:main:114 - I just saw a movie! It was exciting.
2025-08-26 17:11:31.878 | INFO     | __main__:main:114 - I just found a trick! It was exciting.
2025-08-26 17:11:34.879 | INFO     | __main__:main:114 - I just shared a story! It was weird.
2025-08-26 17:11:37.879 | INFO     | __main__:main:114 - I just saw a story! It was boring.
2025-08-26 17:11:40.880 | INFO     | __main__:main:114 - I just found a meme! It was boring.
2025-08-26 17:11:43.881 | INFO     | __main__:main:114 - I just tried a meme! It was exciting.
2025-08-26 17:11:46.881 | INFO     | __main__:main:114 - I just shared a meme! It was weird.
2025-08-26 17:11:49.882 | INFO     | __main__:main:114 - I just loved a trick! It was boring.
2025-08-26 17:11:52.882 | INFO     | __main__:main:114 - I just shared a meme! It was weird.
2025-08-26 17:11:55.883 | INFO     | __main__:main:114 - I just shared an app! It was amazing.
2025-08-26 17:11:58.884 | INFO     | __main__:main:114 - I just shared a story! It was exciting.
2025-08-26 17:12:01.884 | INFO     | __main__:main:114 - I just found a meme! It was weird.
2025-08-26 17:12:04.885 | INFO     | __main__:main:114 - I just loved an app! It was amazing.
2025-08-26 17:12:07.885 | INFO     | __main__:main:114 - I just shared a trick! It was exciting.
2025-08-26 17:12:10.886 | INFO     | __main__:main:114 - I just shared a story! It was boring.
2025-08-26 17:12:13.887 | INFO     | __main__:main:114 - I just loved an app! It was funny.
2025-08-26 17:12:16.887 | INFO     | __main__:main:114 - I just loved a meme! It was exciting.
2025-08-26 17:12:19.888 | INFO     | __main__:main:114 - I just found a story! It was weird.
2025-08-26 17:12:22.889 | INFO     | __main__:main:114 - I just saw a story! It was boring.
2025-08-26 17:12:25.889 | INFO     | __main__:main:114 - I just tried a story! It was weird.
2025-08-26 17:12:28.889 | INFO     | __main__:main:114 - I just saw a meme! It was funny.
2025-08-26 17:12:31.890 | INFO     | __main__:main:114 - I just shared a trick! It was weird.
2025-08-26 17:12:34.891 | INFO     | __main__:main:114 - I just loved a meme! It was exciting.
2025-08-26 17:12:37.891 | INFO     | __main__:main:114 - I just saw an app! It was funny.
2025-08-26 17:12:40.892 | INFO     | __main__:main:114 - I just shared an app! It was funny.
2025-08-26 17:12:43.893 | INFO     | __main__:main:114 - I just loved a trick! It was amazing.
2025-08-26 17:12:46.893 | INFO     | __main__:main:114 - I just tried an app! It was exciting.
2025-08-26 17:12:49.894 | INFO     | __main__:main:114 - I just shared a movie! It was weird.
2025-08-26 17:12:52.895 | INFO     | __main__:main:114 - I just found a trick! It was funny.
2025-08-26 17:12:55.895 | INFO     | __main__:main:114 - I just saw a movie! It was amazing.
2025-08-26 17:12:58.896 | INFO     | __main__:main:114 - I just found a movie! It was weird.
2025-08-26 17:13:01.897 | INFO     | __main__:main:114 - I just found an app! It was boring.
2025-08-26 17:13:04.897 | INFO     | __main__:main:114 - I just shared an app! It was amazing.
2025-08-26 17:13:06.163 | INFO     | utils.utils_logger:<module>:38 - Logging to file: logs\project_log.log
2025-08-26 17:13:06.164 | INFO     | __main__:main:68 - START...
2025-08-26 17:13:06.164 | INFO     | __main__:main:74 - Reading file located at logs\project_log.log.
2025-08-26 17:13:07.898 | INFO     | __main__:main:114 - I just saw a movie! It was boring.
2025-08-26 17:13:10.898 | INFO     | __main__:main:114 - I just shared a story! It was amazing.
2025-08-26 17:13:13.899 | INFO     | __main__:main:114 - I just tried a meme! It was funny.
2025-08-26 17:13:16.900 | INFO     | __main__:main:114 - I just found an app! It was boring.
2025-08-26 17:13:19.900 | INFO     | __main__:main:114 - I just shared an app! It was boring.
2025-08-26 17:13:22.901 | INFO     | __main__:main:114 - I just found a meme! It was weird.
2025-08-26 17:13:25.902 | INFO     | __main__:main:114 - I just loved a trick! It was boring.
2025-08-26 17:13:28.903 | INFO     | __main__:main:114 - I just saw a movie! It was funny.
2025-08-26 17:13:31.903 | INFO     | __main__:main:114 - I just loved a trick! It was boring.
2025-08-26 17:13:34.904 | INFO     | __main__:main:114 - I just found a movie! It was boring.
2025-08-26 17:13:37.905 | INFO     | __main__:main:114 - I just loved a meme! It was boring.
2025-08-26 17:13:40.905 | INFO     | __main__:main:114 - I just loved a meme! It was amazing.
2025-08-26 17:13:43.906 | INFO     | __main__:main:114 - I just tried a meme! It was amazing.
2025-08-26 17:13:46.908 | INFO     | __main__:main:114 - I just shared a trick! It was funny.
2025-08-26 17:13:49.909 | INFO     | __main__:main:114 - I just tried a trick! It was exciting.
2025-08-26 17:13:52.909 | INFO     | __main__:main:114 - I just shared a story! It was weird.
2025-08-26 17:13:55.910 | INFO     | __main__:main:114 - I just shared a movie! It was funny.
2025-08-26 17:13:58.910 | INFO     | __main__:main:114 - I just saw a story! It was exciting.
2025-08-26 17:14:01.911 | INFO     | __main__:main:114 - I just tried an app! It was funny.
2025-08-26 17:14:04.912 | INFO     | __main__:main:114 - I just found a story! It was amazing.
2025-08-26 17:14:07.912 | INFO     | __main__:main:114 - I just loved an app! It was boring.
2025-08-26 17:14:10.913 | INFO     | __main__:main:114 - I just saw an app! It was amazing.
2025-08-26 17:14:13.914 | INFO     | __main__:main:114 - I just tried an app! It was boring.
2025-08-26 17:14:16.915 | INFO     | __main__:main:114 - I just tried a meme! It was amazing.
2025-08-26 17:14:19.916 | INFO     | __main__:main:114 - I just tried an app! It was funny.
2025-08-26 17:14:22.917 | INFO     | __main__:main:114 - I just shared an app! It was amazing.
2025-08-26 17:14:25.917 | INFO     | __main__:main:114 - I just saw an app! It was exciting.
2025-08-26 17:14:28.918 | INFO     | __main__:main:114 - I just tried a movie! It was amazing.
2025-08-26 17:14:31.918 | INFO     | __main__:main:114 - I just found a meme! It was amazing.
2025-08-26 17:14:34.923 | INFO     | __main__:main:114 - I just found a movie! It was funny.
2025-08-26 17:14:37.924 | INFO     | __main__:main:114 - I just found a movie! It was weird.
2025-08-26 17:14:40.925 | INFO     | __main__:main:114 - I just shared an app! It was exciting.
2025-08-26 17:14:43.925 | INFO     | __main__:main:114 - I just saw a movie! It was exciting.
2025-08-26 17:14:46.929 | INFO     | __main__:main:114 - I just tried a meme! It was funny.
2025-08-26 17:14:49.932 | INFO     | __main__:main:114 - I just saw a meme! It was weird.
2025-08-26 17:14:52.933 | INFO     | __main__:main:114 - I just shared a meme! It was weird.
2025-08-26 17:14:55.934 | INFO     | __main__:main:114 - I just shared an app! It was weird.
2025-08-26 17:14:58.935 | INFO     | __main__:main:114 - I just saw a story! It was weird.
2025-08-26 17:15:01.935 | INFO     | __main__:main:114 - I just saw a trick! It was boring.
2025-08-26 17:15:04.936 | INFO     | __main__:main:114 - I just tried an app! It was boring.
2025-08-26 17:15:07.937 | INFO     | __main__:main:114 - I just saw a movie! It was weird.
2025-08-26 17:15:10.938 | INFO     | __main__:main:114 - I just found an app! It was exciting.
2025-08-26 17:15:13.939 | INFO     | __main__:main:114 - I just shared an app! It was boring.
2025-08-26 17:15:16.942 | INFO     | __main__:main:114 - I just loved a story! It was weird.
2025-08-26 17:15:19.942 | INFO     | __main__:main:114 - I just loved a story! It was funny.
2025-08-26 17:15:22.943 | INFO     | __main__:main:114 - I just saw a meme! It was boring.
2025-08-26 17:15:25.943 | INFO     | __main__:main:114 - I just found a movie! It was boring.
2025-08-26 17:15:28.944 | INFO     | __main__:main:114 - I just tried a trick! It was exciting.
2025-08-26 17:15:31.944 | INFO     | __main__:main:114 - I just saw a story! It was amazing.
2025-08-26 17:15:34.945 | INFO     | __main__:main:114 - I just saw an app! It was weird.
2025-08-26 17:15:37.946 | INFO     | __main__:main:114 - I just loved a movie! It was amazing.
2025-08-26 17:15:40.947 | INFO     | __main__:main:114 - I just found a story! It was exciting.
2025-08-26 17:15:43.948 | INFO     | __main__:main:114 - I just found a story! It was boring.
2025-08-26 17:15:46.948 | INFO     | __main__:main:114 - I just loved a story! It was funny.
2025-08-26 17:15:49.949 | INFO     | __main__:main:114 - I just shared a meme! It was amazing.
2025-08-26 17:15:52.950 | INFO     | __main__:main:114 - I just tried a movie! It was exciting.
2025-08-26 17:15:55.951 | INFO     | __main__:main:114 - I just saw a story! It was funny.
2025-08-26 17:15:58.951 | INFO     | __main__:main:114 - I just shared a trick! It was amazing.
2025-08-26 17:16:01.952 | INFO     | __main__:main:114 - I just shared a story! It was amazing.
2025-08-26 17:16:04.953 | INFO     | __main__:main:114 - I just tried a meme! It was funny.
2025-08-26 17:16:07.953 | INFO     | __main__:main:114 - I just shared a trick! It was amazing.
2025-08-26 17:16:10.954 | INFO     | __main__:main:114 - I just tried a story! It was exciting.
2025-08-26 17:16:13.954 | INFO     | __main__:main:114 - I just found a meme! It was amazing.
2025-08-26 17:16:16.954 | INFO     | __main__:main:114 - I just found a story! It was boring.
2025-08-26 17:16:19.955 | INFO     | __main__:main:114 - I just loved a meme! It was funny.
2025-08-26 17:16:22.956 | INFO     | __main__:main:114 - I just saw an app! It was exciting.
2025-08-26 17:16:25.956 | INFO     | __main__:main:114 - I just tried a movie! It was boring.
2025-08-26 17:16:28.957 | INFO     | __main__:main:114 - I just tried a trick! It was exciting.
2025-08-26 17:16:31.957 | INFO     | __main__:main:114 - I just loved an app! It was weird.
2025-08-26 17:16:34.958 | INFO     | __main__:main:114 - I just tried a meme! It was amazing.
2025-08-26 17:16:37.958 | INFO     | __main__:main:114 - I just saw an app! It was funny.
2025-08-26 17:16:40.967 | INFO     | __main__:main:114 - I just found a movie! It was boring.
2025-08-26 17:16:43.969 | INFO     | __main__:main:114 - I just tried an app! It was boring.
2025-08-26 17:16:46.970 | INFO     | __main__:main:114 - I just saw a trick! It was boring.
2025-08-26 17:16:49.971 | INFO     | __main__:main:114 - I just shared a story! It was exciting.
2025-08-26 17:16:52.971 | INFO     | __main__:main:114 - I just found a story! It was amazing.
2025-08-26 17:16:55.972 | INFO     | __main__:main:114 - I just tried a trick! It was boring.
2025-08-26 17:16:58.972 | INFO     | __main__:main:114 - I just loved a meme! It was weird.
2025-08-26 17:17:01.973 | INFO     | __main__:main:114 - I just saw a movie! It was weird.
2025-08-26 17:17:04.973 | INFO     | __main__:main:114 - I just loved a meme! It was boring.
2025-08-26 17:17:07.974 | INFO     | __main__:main:114 - I just saw a meme! It was exciting.
2025-08-26 17:17:10.974 | INFO     | __main__:main:114 - I just saw a movie! It was amazing.
